  [4;36;1mSQL (0.3ms)[0m   [0;1m SELECT name
 FROM sqlite_master
 WHERE type = 'table' AND NOT name = 'sqlite_sequence'
[0m
  [4;35;1mSQL (0.1ms)[0m   [0mselect sqlite_version(*)[0m
  [4;36;1mSQL (2.7ms)[0m   [0;1mCREATE TABLE "schema_migrations" ("version" varchar(255) NOT NULL) [0m
  [4;35;1mSQL (2.6ms)[0m   [0mCREATE UNIQUE INDEX "unique_schema_migrations" ON "schema_migrations" ("version")[0m
  [4;36;1mSQL (0.4ms)[0m   [0;1m SELECT name
 FROM sqlite_master
 WHERE type = 'table' AND NOT name = 'sqlite_sequence'
[0m
  [4;35;1mSQL (0.2ms)[0m   [0mSELECT version FROM schema_migrations[0m
Migrating to CreateUsers (20090120145559)
  [4;36;1mSQL (2.8ms)[0m   [0;1mCREATE TABLE "users" ("id" INTEGER PRIMARY KEY AUTOINCREMENT NOT NULL, "first_name" varchar(255), "last_name" varchar(255), "email" varchar(255), "street1" varchar(255), "street2" varchar(255), "city" varchar(255), "state" varchar(255), "zip" varchar(255), "phone" varchar(255), "created_at" datetime, "updated_at" datetime) [0m
  [4;35;1mSQL (2.7ms)[0m   [0mINSERT INTO schema_migrations (version) VALUES ('20090120145559')[0m
  [4;36;1mSQL (0.3ms)[0m   [0;1m SELECT name
 FROM sqlite_master
 WHERE type = 'table' AND NOT name = 'sqlite_sequence'
[0m
  [4;35;1mSQL (0.1ms)[0m   [0mSELECT version FROM schema_migrations[0m
  [4;36;1mSQL (0.2ms)[0m   [0;1m SELECT name
 FROM sqlite_master
 WHERE type = 'table' AND NOT name = 'sqlite_sequence'
[0m
  [4;35;1mSQL (0.1ms)[0m   [0mPRAGMA index_list("users")[0m


Processing UsersController#index (for 127.0.0.1 at 2009-01-20 09:58:08) [GET]
  [4;36;1mUser Load (0.4ms)[0m   [0;1mSELECT * FROM "users" [0m
Rendering template within layouts/users
Rendering users/index
Completed in 9ms (View: 4, DB: 0) | 200 OK [http://localhost/users]


Processing UsersController#new (for 127.0.0.1 at 2009-01-20 09:58:27) [GET]
Rendering template within layouts/users
Rendering users/new
Completed in 16ms (View: 10, DB: 0) | 200 OK [http://localhost/users/new]


Processing UsersController#create (for 127.0.0.1 at 2009-01-20 09:58:54) [POST]
  Parameters: {"user"=>{"city"=>"foocity", "zip"=>"43220", "street1"=>"123 abc", "street2"=>"", "phone"=>"32332-23-2323", "first_name"=>"test", "last_name"=>"foo", "state"=>"oh", "email"=>"foo@gmail.com"}, "commit"=>"Create", "authenticity_token"=>"822f755de4aef710252d04537480ce54c3458124"}
  [4;35;1mUser Create (0.6ms)[0m   [0mINSERT INTO "users" ("city", "zip", "updated_at", "street1", "street2", "phone", "first_name", "last_name", "email", "state", "created_at") VALUES('foocity', '43220', '2009-01-20 14:58:54', '123 abc', '', '32332-23-2323', 'test', 'foo', 'foo@gmail.com', 'oh', '2009-01-20 14:58:54')[0m
Redirected to #<User:0x223ccb8>
Completed in 14ms (DB: 1) | 302 Found [http://localhost/users]


Processing UsersController#show (for 127.0.0.1 at 2009-01-20 09:58:54) [GET]
  Parameters: {"id"=>"1"}
  [4;36;1mUser Load (0.4ms)[0m   [0;1mSELECT * FROM "users" WHERE ("users"."id" = 1) [0m
Rendering template within layouts/users
Rendering users/show
Completed in 13ms (View: 7, DB: 0) | 200 OK [http://localhost/users/1]


Processing UsersController#index (for 127.0.0.1 at 2009-01-20 09:58:58) [GET]
  [4;35;1mUser Load (0.5ms)[0m   [0mSELECT * FROM "users" [0m
Rendering template within layouts/users
Rendering users/index
Completed in 14ms (View: 9, DB: 1) | 200 OK [http://localhost/users]
